<?xml version="1.0" encoding="UTF-8"?>
<!-- Generated by org.testng.reporters.JUnitReportReporter -->
<testsuite hostname="Azamkhujas-MBP" failures="0" tests="3" name="com.codewithazam.testcases.LoginTest" time="23.568" errors="0" timestamp="2022-08-08T00:47:14 EDT" skipped="0">
  <testcase classname="com.codewithazam.testcases.LoginTest" name="validLogin" time="7.637"/>
  <system-out/>
  <testcase classname="com.codewithazam.testcases.LoginTest" name="invalidPasswordLogin" time="7.196"/>
  <system-out/>
  <testcase classname="com.codewithazam.testcases.LoginTest" name="emptyPasswordLogin" time="8.735"/>
  <system-out/>
</testsuite> <!-- com.codewithazam.testcases.LoginTest -->
