<?xml version="1.0" encoding="UTF-8"?>
<!-- Generated by org.testng.reporters.JUnitReportReporter -->
<testsuite hostname="Azamkhujas-MBP" failures="0" tests="3" name="com.codewithazam.testcases.LoginTest" time="25.096" errors="0" timestamp="2022-08-07T22:33:15 EDT" skipped="0">
  <testcase classname="com.codewithazam.testcases.LoginTest" name="invalidPasswordLogin" time="7.419"/>
  <system-out/>
  <testcase classname="com.codewithazam.testcases.LoginTest" name="emptyPasswordLogin" time="6.174"/>
  <system-out/>
  <testcase classname="com.codewithazam.testcases.LoginTest" name="validLogin" time="11.503"/>
  <system-out/>
</testsuite> <!-- com.codewithazam.testcases.LoginTest -->
